<?xml version="1.0" encoding="UTF-8"?>
<!-- Generated by org.testng.reporters.JUnitReportReporter -->
<testsuite hostname="DESKTOP-LA6D90A" failures="0" tests="1" name="com.hrms.allpractice_scriptrun.TC001" time="20.952" errors="0" timestamp="2022-12-14T19:05:42 IST" skipped="0">
  <testcase classname="com.hrms.allpractice_scriptrun.TC001" name="tc001" time="20.952"/>
  <system-out/>
</testsuite> <!-- com.hrms.allpractice_scriptrun.TC001 -->
