<?xml version="1.0" encoding="UTF-8"?>
<!-- Generated by org.testng.reporters.JUnitReportReporter -->
<testsuite hostname="DESKTOP-LA6D90A" failures="0" tests="1" name="practiceown.Practiceconcepts" time="13.065" errors="0" timestamp="2022-12-14T06:36:32 IST" skipped="0">
  <testcase classname="practiceown.Practiceconcepts" name="testRecord12072255730Pm" time="13.065"/>
  <system-out/>
</testsuite> <!-- practiceown.Practiceconcepts -->
